{
  "RSpec": {
    "coverage": {
      "/Users/gabrielassanuma/code/gabrielassanuma/e-commerce-template-ROR7/app/models/product.rb": {
        "lines": [
          1,
          1,
          1,
          1,
          null,
          1,
          null,
          1,
          null
        ]
      },
      "/Users/gabrielassanuma/code/gabrielassanuma/e-commerce-template-ROR7/app/models/category.rb": {
        "lines": [
          1,
          1,
          null,
          1,
          null
        ]
      },
      "/Users/gabrielassanuma/code/gabrielassanuma/e-commerce-template-ROR7/app/models/discount.rb": {
        "lines": [
          1,
          1,
          null,
          1,
          null
        ]
      },
      "/Users/gabrielassanuma/code/gabrielassanuma/e-commerce-template-ROR7/app/models/order_product.rb": {
        "lines": [
          1,
          1,
          1,
          1,
          null
        ]
      }
    },
    "timestamp": 1680617941
  }
}
